<?xml version="1.0" encoding="UTF-8"?>
<!-- Generated by org.testng.reporters.JUnitXMLReporter -->
<testsuite ignored="0" hostname="DESKTOP-FUGQNF4" failures="0" tests="4" name="Default test" time="195.441" errors="0" timestamp="2023-04-02T17:21:16 IST">
  <testcase classname="com.mystroe.testcases.TC_BuyProductPageTest" name="VerifyBuyProduct" time="53.813"/>
  <testcase classname="com.mystroe.testcases.TC_BuyProductPageTest" name="VerifyBuyProduct" time="41.459"/>
  <testcase classname="com.mystroe.testcases.TC_BuyProductPageTest" name="VerifyBuyProduct" time="39.788"/>
  <testcase classname="com.mystroe.testcases.TC_BuyProductPageTest" name="VerifyBuyProduct" time="38.492"/>
</testsuite> <!-- Default test -->
