<?xml version="1.0" encoding="UTF-8"?>
<!-- Generated by org.testng.reporters.JUnitXMLReporter -->
<testsuite ignored="1" hostname="DESKTOP-FUGQNF4" failures="0" tests="4" name="Test" time="150.247" errors="0" timestamp="2023-06-20T20:42:24 IST">
  <testcase classname="com.mystroe.testcases.TC1_MyAccountCreation" name="VerifySignOut" time="20.546"/>
  <testcase classname="com.mystroe.testcases.TC1_MyAccountCreation" name="VerifyLogin" time="12.457"/>
  <testcase classname="com.mystroe.testcases.TC_ProductPageTest" name="VerifySearchProduct" time="15.932"/>
  <testcase classname="com.mystroe.testcases.TC_BuyProductPageTest" name="VerifyBuyProduct" time="41.387"/>
  <testcase classname="com.mystroe.testcases.TC1_MyAccountCreation" name="VerifyRegistrationAndLogin" time="0.0">
    <ignored/>
  </testcase> <!-- VerifyRegistrationAndLogin -->
</testsuite> <!-- Test -->
