<?xml version="1.0" encoding="UTF-8"?>
<testng-results ignored="1" total="5" passed="4" failed="0" skipped="0">
  <reporter-output>
  </reporter-output>
  <suite started-at="2023-06-20T20:39:53 IST" name="Suite" finished-at="2023-06-20T20:42:23 IST" duration-ms="150247">
    <groups>
    </groups>
    <test started-at="2023-06-20T20:39:53 IST" name="Test" finished-at="2023-06-20T20:42:23 IST" duration-ms="150247">
      <class name="com.mystroe.testcases.TC1_MyAccountCreation">
        <test-method is-config="true" signature="setup()[pri:0, instance:com.mystroe.testcases.TC1_MyAccountCreation@3ba987b8]" started-at="2023-06-20T20:39:54 IST" name="setup" finished-at="2023-06-20T20:40:28 IST" duration-ms="34215" status="PASS">
          <reporter-output>
          </reporter-output>
        </test-method> <!-- setup -->
        <test-method signature="VerifySignOut()[pri:0, instance:com.mystroe.testcases.TC1_MyAccountCreation@3ba987b8]" started-at="2023-06-20T20:40:28 IST" name="VerifySignOut" finished-at="2023-06-20T20:40:49 IST" duration-ms="20546" status="PASS">
          <reporter-output>
          </reporter-output>
        </test-method> <!-- VerifySignOut -->
        <test-method signature="VerifyLogin()[pri:20, instance:com.mystroe.testcases.TC1_MyAccountCreation@3ba987b8]" started-at="2023-06-20T20:40:49 IST" name="VerifyLogin" finished-at="2023-06-20T20:41:02 IST" duration-ms="12457" status="PASS">
          <reporter-output>
          </reporter-output>
        </test-method> <!-- VerifyLogin -->
        <test-method is-config="true" signature="tearDown()[pri:0, instance:com.mystroe.testcases.TC1_MyAccountCreation@3ba987b8]" started-at="2023-06-20T20:41:02 IST" name="tearDown" finished-at="2023-06-20T20:41:03 IST" duration-ms="1608" status="PASS">
          <reporter-output>
          </reporter-output>
        </test-method> <!-- tearDown -->
      </class> <!-- com.mystroe.testcases.TC1_MyAccountCreation -->
      <class name="com.mystroe.testcases.TC_ProductPageTest">
        <test-method is-config="true" signature="setup()[pri:0, instance:com.mystroe.testcases.TC_ProductPageTest@8458f04]" started-at="2023-06-20T20:41:03 IST" name="setup" finished-at="2023-06-20T20:41:13 IST" duration-ms="10140" status="PASS">
          <reporter-output>
          </reporter-output>
        </test-method> <!-- setup -->
        <test-method signature="VerifySearchProduct()[pri:0, instance:com.mystroe.testcases.TC_ProductPageTest@8458f04]" started-at="2023-06-20T20:41:13 IST" name="VerifySearchProduct" finished-at="2023-06-20T20:41:29 IST" duration-ms="15932" status="PASS">
          <reporter-output>
          </reporter-output>
        </test-method> <!-- VerifySearchProduct -->
        <test-method is-config="true" signature="tearDown()[pri:0, instance:com.mystroe.testcases.TC_ProductPageTest@8458f04]" started-at="2023-06-20T20:41:29 IST" name="tearDown" finished-at="2023-06-20T20:41:30 IST" duration-ms="963" status="PASS">
          <reporter-output>
          </reporter-output>
        </test-method> <!-- tearDown -->
      </class> <!-- com.mystroe.testcases.TC_ProductPageTest -->
      <class name="com.mystroe.testcases.TC_BuyProductPageTest">
        <test-method is-config="true" signature="setup()[pri:0, instance:com.mystroe.testcases.TC_BuyProductPageTest@48075da3]" started-at="2023-06-20T20:41:30 IST" name="setup" finished-at="2023-06-20T20:41:41 IST" duration-ms="10385" status="PASS">
          <reporter-output>
          </reporter-output>
        </test-method> <!-- setup -->
        <test-method signature="VerifyBuyProduct()[pri:0, instance:com.mystroe.testcases.TC_BuyProductPageTest@48075da3]" started-at="2023-06-20T20:41:41 IST" name="VerifyBuyProduct" finished-at="2023-06-20T20:42:22 IST" duration-ms="41387" status="PASS">
          <reporter-output>
          </reporter-output>
        </test-method> <!-- VerifyBuyProduct -->
        <test-method is-config="true" signature="tearDown()[pri:0, instance:com.mystroe.testcases.TC_BuyProductPageTest@48075da3]" started-at="2023-06-20T20:42:22 IST" name="tearDown" finished-at="2023-06-20T20:42:23 IST" duration-ms="1073" status="PASS">
          <reporter-output>
          </reporter-output>
        </test-method> <!-- tearDown -->
      </class> <!-- com.mystroe.testcases.TC_BuyProductPageTest -->
    </test> <!-- Test -->
  </suite> <!-- Suite -->
</testng-results>
